[2026-06-22T19:31:25.275] [DEBUG] debug-file - Incremental task entry:default@ProcessIntegratedHsp post-execution cost:1 ms .
[2026-06-22T19:31:25.275] [DEBUG] debug-file - There is no need to refresh cache, since the incremental task entry:default@MakePackInfo is up-to-date.
[2026-06-22T19:31:25.275] [DEBUG] debug-file - Update task entry:default@SyscapTransform input file:D:\deveco\DevEco Studio\sdk\default\openharmony\toolchains\syscap_tool.exe cache by regenerate.
[2026-06-22T19:31:25.276] [DEBUG] debug-file - Update task entry:default@SyscapTransform input file:D:\deveco\DevEco Studio\sdk\default\openharmony\ets\api\device-define cache by regenerate.
[2026-06-22T19:31:25.276] [DEBUG] debug-file - Update task entry:default@SyscapTransform output file:D:\kyrjkfjs\PlayShortVideosBasedOnVideoComponent-master\entry\build\default\intermediates\syscap\default\rpcid.sc cache.
[2026-06-22T19:31:25.276] [DEBUG] debug-file - Incremental task entry:default@SyscapTransform post-execution cost:2 ms .
[2026-06-22T19:31:25.276] [DEBUG] debug-file - There is no need to refresh cache, since the incremental task entry:default@ProcessProfile is up-to-date.
[2026-06-22T19:31:25.276] [DEBUG] debug-file - There is no need to refresh cache, since the incremental task entry:default@ProcessRouterMap is up-to-date.
[2026-06-22T19:31:25.276] [DEBUG] debug-file - There is no need to refresh cache, since the incremental task entry:default@ProcessShareConfig is up-to-date.
[2026-06-22T19:31:25.277] [DEBUG] debug-file - Update task entry:default@ProcessStartupConfig input file:D:\kyrjkfjs\PlayShortVideosBasedOnVideoComponent-master\entry\build\default\intermediates\loader\default\pkgContextInfo.json cache by regenerate.
[2026-06-22T19:31:25.277] [DEBUG] debug-file - Update task entry:default@ProcessStartupConfig output file:D:\kyrjkfjs\PlayShortVideosBasedOnVideoComponent-master\entry\build\default\intermediates\startup\default\startup_config.json cache.
[2026-06-22T19:31:25.277] [DEBUG] debug-file - Incremental task entry:default@ProcessStartupConfig post-execution cost:1 ms .
[2026-06-22T19:31:25.277] [DEBUG] debug-file - There is no need to refresh cache, since the incremental task entry:default@ProcessResource is up-to-date.
[2026-06-22T19:31:25.277] [DEBUG] debug-file - There is no need to refresh cache, since the incremental task entry:default@GenerateLoaderJson is up-to-date.
[2026-06-22T19:31:25.277] [DEBUG] debug-file - There is no need to refresh cache, since the incremental task entry:default@ProcessLibs is up-to-date.
[2026-06-22T19:31:25.277] [DEBUG] debug-file - There is no need to refresh cache, since the incremental task entry:default@CompileResource is up-to-date.
[2026-06-22T19:31:25.277] [DEBUG] debug-file - There is no need to refresh cache, since the incremental task entry:default@DoNativeStrip is up-to-date.
[2026-06-22T19:31:25.277] [DEBUG] debug-file - There is no need to refresh cache, since the incremental task entry:default@CompileArkTS is up-to-date.
[2026-06-22T19:31:25.278] [DEBUG] debug-file - Update task entry:default@BuildJS input file:D:\kyrjkfjs\PlayShortVideosBasedOnVideoComponent-master\entry\build\default\intermediates\loader\default cache by regenerate.
[2026-06-22T19:31:25.278] [DEBUG] debug-file - Update task entry:default@BuildJS input file:D:\kyrjkfjs\PlayShortVideosBasedOnVideoComponent-master\entry\build\default\intermediates\res\default\resources\rawfile cache by regenerate.
[2026-06-22T19:31:25.279] [DEBUG] debug-file - Update task entry:default@BuildJS input file:D:\kyrjkfjs\PlayShortVideosBasedOnVideoComponent-master\entry\build\default\intermediates\res\default\ResourceTable.txt cache by regenerate.
[2026-06-22T19:31:25.279] [DEBUG] debug-file - Update task entry:default@BuildJS input file:D:\kyrjkfjs\PlayShortVideosBasedOnVideoComponent-master\entry\build\default\intermediates\res\default\ark_module.json cache by regenerate.
[2026-06-22T19:31:25.279] [DEBUG] debug-file - Update task entry:default@BuildJS input file:D:\kyrjkfjs\PlayShortVideosBasedOnVideoComponent-master\entry\build\default\intermediates\res\default\resources\base\profile cache by regenerate.
[2026-06-22T19:31:25.279] [DEBUG] debug-file - Update task entry:default@BuildJS input file:D:\kyrjkfjs\PlayShortVideosBasedOnVideoComponent-master\entry\build\default\intermediates\loader\default\pkgContextInfo.json cache by regenerate.
[2026-06-22T19:31:25.280] [DEBUG] debug-file - Update task entry:default@BuildJS output file:D:\kyrjkfjs\PlayShortVideosBasedOnVideoComponent-master\entry\build\default\intermediates\loader_out\default\js cache.
[2026-06-22T19:31:25.280] [DEBUG] debug-file - Incremental task entry:default@BuildJS post-execution cost:3 ms .
[2026-06-22T19:31:25.280] [DEBUG] debug-file - There is no need to refresh cache, since the incremental task entry:default@CacheNativeLibs is up-to-date.
[2026-06-22T19:31:25.280] [DEBUG] debug-file - There is no need to refresh cache, since the incremental task entry:default@GeneratePkgModuleJson is up-to-date.
[2026-06-22T19:31:25.280] [DEBUG] debug-file - Incremental task entry:default@ProcessCompiledResources post-execution cost:1 ms .
[2026-06-22T19:31:25.280] [DEBUG] debug-file - There is no need to refresh cache, since the incremental task entry:default@PackageHap is up-to-date.
[2026-06-22T19:31:25.280] [DEBUG] debug-file - There is no need to refresh cache, since the incremental task entry:default@SignHap is up-to-date.
[2026-06-22T19:31:25.280] [DEBUG] debug-file - Update task entry:default@CollectDebugSymbol input file:D:\kyrjkfjs\PlayShortVideosBasedOnVideoComponent-master\entry\build\default\intermediates\loader_out\default\ets\sourceMaps.map cache by regenerate.
[2026-06-22T19:31:25.281] [DEBUG] debug-file - Update task entry:default@CollectDebugSymbol input file:D:\kyrjkfjs\PlayShortVideosBasedOnVideoComponent-master\entry\build\default\intermediates\libs\default cache by regenerate.
[2026-06-22T19:31:25.281] [DEBUG] debug-file - Update task entry:default@CollectDebugSymbol output file:D:\kyrjkfjs\PlayShortVideosBasedOnVideoComponent-master\entry\build\default\outputs\default\symbol cache.
[2026-06-22T19:31:25.282] [DEBUG] debug-file - Incremental task entry:default@CollectDebugSymbol post-execution cost:2 ms .
[2026-06-22T19:31:25.308] [DEBUG] debug-file - There's no busy workers and idle workers need cleanup.
[2026-06-22T19:31:25.308] [DEBUG] debug-file - hvigor build process will be closed.
[2026-06-22T19:31:25.314] [DEBUG] debug-file - session manager: send message to worker process.
[2026-06-22T19:31:25.315] [DEBUG] debug-file - session manager: send message to worker process.
[2026-06-22T19:31:25.321] [DEBUG] debug-file - watch worker: worker id should be larger than 0. Nothing will be sent to any worker thread.
[2026-06-22T19:31:25.321] [DEBUG] debug-file - watch worker: worker id should be larger than 0. Nothing will be sent to any worker thread.
[2026-06-22T19:33:39.181] [DEBUG] debug-file - session manager: set active socket. socketId=gO28Q-rsVBH7vGyEAAAP
[2026-06-22T19:33:39.209] [DEBUG] debug-file - watch worker: worker id should be larger than 0. Nothing will be sent to any worker thread.
[2026-06-22T19:33:39.215] [DEBUG] debug-file - Workers' log level updated to INFO
[2026-06-22T19:33:39.219] [DEBUG] debug-file - Hvigor init with startParameters:{
  hvigorfileTypeCheck: false,
  parallelExecution: true,
  incrementalExecution: true,
  printStackTrace: false,
  daemon: true,
  analyze: 0,
  logLevel: Level { level: 20000, levelStr: 'INFO', colour: 'green' },
  optimizationStrategy: 'memory',
  hotCompile: undefined,
  hotReloadBuild: undefined,
  customizedParam: undefined
}
[2026-06-22T19:33:39.225] [DEBUG] debug-file - Cache service initialization finished in 6 ms 
[2026-06-22T19:33:39.227] [DEBUG] debug-file - hvigorfile, resolving D:\kyrjkfjs\PlayShortVideosBasedOnVideoComponent-master\hvigorfile.ts
[2026-06-22T19:33:39.233] [DEBUG] debug-file - hvigorfile, require result:  { default: { plugins: [] } }
[2026-06-22T19:33:39.233] [DEBUG] debug-file - hvigorfile, binding system plugins null
[2026-06-22T19:33:39.233] [DEBUG] debug-file - Starting plugin build process
[2026-06-22T19:33:39.233] [DEBUG] debug-file - App plugin prepare start...
[2026-06-22T19:33:39.233] [DEBUG] debug-file - App plugin prepare end...
[2026-06-22T19:33:39.233] [DEBUG] debug-file - App plugin creating...
[2026-06-22T19:33:39.237] [DEBUG] debug-file - App plugin register hook start...
[2026-06-22T19:33:39.238] [DEBUG] debug-file - App plugin register hook end...
[2026-06-22T19:33:39.238] [DEBUG] debug-file - Plugin build process completed
[2026-06-22T19:33:39.238] [DEBUG] debug-file - Start initialize project's product build option map with build mode debug.
[2026-06-22T19:33:39.238] [DEBUG] debug-file - Picking option from product 'default' with build mode 'debug'.
[2026-06-22T19:33:39.238] [DEBUG] debug-file - Product 'default' build option initialized
[2026-06-22T19:33:39.238] [DEBUG] debug-file - End initialize project's product build option map with build mode 'debug'.
[2026-06-22T19:33:39.239] [DEBUG] debug-file - Obtain build option for product 'default'in this build.
[2026-06-22T19:33:39.240] [DEBUG] debug-file - not found resModel json file in : D:\kyrjkfjs\PlayShortVideosBasedOnVideoComponent-master\entry\src\ohosTest\module.json5
[2026-06-22T19:33:39.242] [DEBUG] debug-file - D:\kyrjkfjs\PlayShortVideosBasedOnVideoComponent-master\build\cache\default\remote_hsp\remoteHspCache.json not exists.
[2026-06-22T19:33:39.244] [DEBUG] debug-file - Start recording SDK configuration permission data.
[2026-06-22T19:33:39.271] [DEBUG] debug-file - Sdk init in 29 ms 
[2026-06-22T19:33:39.275] [DEBUG] debug-file - Project task initialization takes 4 ms 
[2026-06-22T19:33:39.275] [DEBUG] debug-file - hvigorfile, binding custom plugins []
[2026-06-22T19:33:39.275] [DEBUG] debug-file - hvigorfile, no custom plugins were found in D:\kyrjkfjs\PlayShortVideosBasedOnVideoComponent-master\hvigorfile.ts
[2026-06-22T19:33:39.275] [DEBUG] debug-file - hvigorfile, resolve finished D:\kyrjkfjs\PlayShortVideosBasedOnVideoComponent-master\hvigorfile.ts
[2026-06-22T19:33:39.276] [DEBUG] debug-file - hvigorfile, resolving D:\kyrjkfjs\PlayShortVideosBasedOnVideoComponent-master\entry\hvigorfile.ts
[2026-06-22T19:33:39.279] [DEBUG] debug-file - hvigorfile, require result:  { default: { plugins: [] } }
[2026-06-22T19:33:39.279] [DEBUG] debug-file - hvigorfile, binding system plugins null
[2026-06-22T19:33:39.279] [DEBUG] debug-file - Starting plugin build process
[2026-06-22T19:33:39.279] [DEBUG] debug-file - Hap plugin creating...
[2026-06-22T19:33:39.282] [DEBUG] debug-file - failed to load cangjie to dynamically generate schemas: Error: Cannot find module '@ohos/cangjie-build-support/index'
Require stack:
- D:\deveco\DevEco Studio\tools\hvigor\hvigor-ohos-plugin\src\plugin\hooks\cangjie-register.js
- D:\deveco\DevEco Studio\tools\hvigor\hvigor-ohos-plugin\src\plugin\strategy\stage-init-strategy.js
- D:\deveco\DevEco Studio\tools\hvigor\hvigor-ohos-plugin\src\plugin\builder\abstract-plugin-builder.js
- D:\deveco\DevEco Studio\tools\hvigor\hvigor-ohos-plugin\src\plugin\builder\app-plugin-builder.js
- D:\deveco\DevEco Studio\tools\hvigor\hvigor-ohos-plugin\src\plugin\factory\plugin-factory.js
- D:\deveco\DevEco Studio\tools\hvigor\hvigor-ohos-plugin\index.js
- D:\kyrjkfjs\PlayShortVideosBasedOnVideoComponent-master\hvigorfile.ts
- D:\deveco\DevEco Studio\tools\hvigor\hvigor\src\base\internal\lifecycle\configuration.js
- D:\deveco\DevEco Studio\tools\hvigor\hvigor\src\base\boot\index.js
- D:\deveco\DevEco Studio\tools\hvigor\hvigor\src\base\daemon\cluster\worker-process-lifecycle.js
- D:\deveco\DevEco Studio\tools\hvigor\hvigor\src\base\daemon\process\daemon-process-boot-script.js
[2026-06-22T19:33:39.284] [DEBUG] debug-file - Start initialize module-target build option map, moduleName=entry, buildMode=debug
[2026-06-22T19:33:39.284] [DEBUG] debug-file - Target 'default' config initialized
[2026-06-22T19:33:39.285] [DEBUG] debug-file - Target 'ohosTest' config initialized
[2026-06-22T19:33:39.285] [DEBUG] debug-file - Module 'entry' target 'default' build option initialized
[2026-06-22T19:33:39.285] [DEBUG] debug-file - Module 'entry' target 'ohosTest' build option initialized
[2026-06-22T19:33:39.285] [DEBUG] debug-file - End initialize module-target build option map, moduleName=entry
[2026-06-22T19:33:39.285] [DEBUG] debug-file - Start initialize module-target build option map, moduleName=entry, buildMode=release
[2026-06-22T19:33:39.285] [DEBUG] debug-file - Target 'default' config initialized
[2026-06-22T19:33:39.286] [DEBUG] debug-file - Target 'ohosTest' config initialized
[2026-06-22T19:33:39.286] [DEBUG] debug-file - Module 'entry' target 'default' build option initialized
[2026-06-22T19:33:39.286] [DEBUG] debug-file - Module 'entry' target 'ohosTest' build option initialized
[2026-06-22T19:33:39.287] [DEBUG] debug-file - End initialize module-target build option map, moduleName=entry
[2026-06-22T19:33:39.287] [DEBUG] debug-file - Start initialize module-target build option map, moduleName=entry, buildMode=debug
[2026-06-22T19:33:39.287] [DEBUG] debug-file - Target 'default' config initialized
[2026-06-22T19:33:39.288] [DEBUG] debug-file - Target 'ohosTest' config initialized
[2026-06-22T19:33:39.289] [DEBUG] debug-file - Module 'entry' target 'default' build option initialized
[2026-06-22T19:33:39.289] [DEBUG] debug-file - Module 'entry' target 'ohosTest' build option initialized
[2026-06-22T19:33:39.290] [DEBUG] debug-file - End initialize module-target build option map, moduleName=entry
[2026-06-22T19:33:39.290] [DEBUG] debug-file - Obtain build option for module 'entry' target 'default'in this build.
[2026-06-22T19:33:39.292] [DEBUG] debug-file - Module entry task initialization takes 2 ms 
[2026-06-22T19:33:39.293] [DEBUG] debug-file - Hap plugin register hook start...
[2026-06-22T19:33:39.293] [DEBUG] debug-file - Hap plugin register hook end...
[2026-06-22T19:33:39.293] [DEBUG] debug-file - Plugin build process completed
[2026-06-22T19:33:39.293] [DEBUG] debug-file - hvigorfile, binding custom plugins []
[2026-06-22T19:33:39.293] [DEBUG] debug-file - hvigorfile, no custom plugins were found in D:\kyrjkfjs\PlayShortVideosBasedOnVideoComponent-master\entry\hvigorfile.ts
[2026-06-22T19:33:39.293] [DEBUG] debug-file - hvigorfile, resolve finished D:\kyrjkfjs\PlayShortVideosBasedOnVideoComponent-master\entry\hvigorfile.ts
[2026-06-22T19:33:39.318] [DEBUG] debug-file - hvigorfile, resolve hvigorfile dependencies in 25 ms 
[2026-06-22T19:33:39.318] [DEBUG] debug-file - project has submodules:entry
[2026-06-22T19:33:39.319] [DEBUG] debug-file - start to load updatedOhPackageInfo to the disk
[2026-06-22T19:33:39.324] [DEBUG] debug-file - load to the disk finished
[2026-06-22T19:33:39.324] [DEBUG] debug-file - Start to initialize dependency information.
[2026-06-22T19:33:39.325] [DEBUG] debug-file - Module PlayShortVideosBasedOnVideoComponent-master Collected Dependency: 
[2026-06-22T19:33:39.325] [DEBUG] debug-file - Module PlayShortVideosBasedOnVideoComponent-master's total dependency: 0
[2026-06-22T19:33:39.326] [DEBUG] debug-file - Start to initialize dependency information.
[2026-06-22T19:33:39.326] [DEBUG] debug-file - Module entry Collected Dependency: 
[2026-06-22T19:33:39.327] [DEBUG] debug-file - Module entry's total dependency: 0
[2026-06-22T19:33:39.328] [DEBUG] debug-file - Configuration phase cost:103 ms 
[2026-06-22T19:33:39.329] [DEBUG] debug-file - Configuration task cost before running: 114 ms 
[2026-06-22T19:33:39.332] [DEBUG] debug-file - Executing task :entry:default@PreBuild
[2026-06-22T19:33:39.333] [DEBUG] debug-file - Task 'entry:default@PreBuild' cost while wrapping incremental declarations: 1 ms 
[2026-06-22T19:33:39.337] [DEBUG] debug-file - Incremental task entry:default@PreBuild pre-execution cost: 3 ms .
[2026-06-22T19:33:39.337] [DEBUG] debug-file - entry : default@PreBuild cost memory -1.4430770874023438
[2026-06-22T19:33:39.339] [INFO] debug-file - UP-TO-DATE :entry:default@PreBuild...  
[2026-06-22T19:33:39.339] [DEBUG] debug-file - Executing task :entry:default@CreateModuleInfo
[2026-06-22T19:33:39.339] [DEBUG] debug-file - Task 'entry:default@CreateModuleInfo' cost while wrapping incremental declarations: 1 ms 
[2026-06-22T19:33:39.340] [DEBUG] debug-file - entry : default@CreateModuleInfo cost memory 0.03983306884765625
[2026-06-22T19:33:39.340] [DEBUG] debug-file - runTaskFromQueue task cost before running: 125 ms 
[2026-06-22T19:33:39.340] [INFO] debug-file - Finished :entry:default@CreateModuleInfo... after 1 ms 
[2026-06-22T19:33:39.342] [DEBUG] debug-file - Executing task :entry:default@GenerateMetadata
[2026-06-22T19:33:39.342] [DEBUG] debug-file - Task 'entry:default@GenerateMetadata' cost while wrapping incremental declarations: 1 ms 
[2026-06-22T19:33:39.343] [DEBUG] debug-file - Incremental task entry:default@GenerateMetadata pre-execution cost: 1 ms .
[2026-06-22T19:33:39.343] [DEBUG] debug-file - entry : default@GenerateMetadata cost memory 0.08248138427734375
[2026-06-22T19:33:39.343] [INFO] debug-file - UP-TO-DATE :entry:default@GenerateMetadata...  
[2026-06-22T19:33:39.344] [DEBUG] debug-file - Executing task :entry:default@ConfigureCmake
[2026-06-22T19:33:39.344] [DEBUG] debug-file - entry : default@ConfigureCmake cost memory 0.01415252685546875
[2026-06-22T19:33:39.344] [DEBUG] debug-file - runTaskFromQueue task cost before running: 129 ms 
[2026-06-22T19:33:39.344] [INFO] debug-file - Finished :entry:default@ConfigureCmake... after 1 ms 
[2026-06-22T19:33:39.345] [DEBUG] debug-file - Executing task :entry:default@MergeProfile
[2026-06-22T19:33:39.345] [DEBUG] debug-file - Task 'entry:default@MergeProfile' cost while wrapping incremental declarations: 1 ms 
[2026-06-22T19:33:39.348] [DEBUG] debug-file - Incremental task entry:default@MergeProfile pre-execution cost: 3 ms .
[2026-06-22T19:33:39.348] [DEBUG] debug-file - entry : default@MergeProfile cost memory 0.1421356201171875
[2026-06-22T19:33:39.348] [INFO] debug-file - UP-TO-DATE :entry:default@MergeProfile...  
[2026-06-22T19:33:39.350] [DEBUG] debug-file - Executing task :entry:default@CreateBuildProfile
[2026-06-22T19:33:39.351] [DEBUG] debug-file - Task 'entry:default@CreateBuildProfile' cost while wrapping incremental declarations: 2 ms 
[2026-06-22T19:33:39.352] [DEBUG] debug-file - Incremental task entry:default@CreateBuildProfile pre-execution cost: 1 ms .
[2026-06-22T19:33:39.353] [DEBUG] debug-file - entry : default@CreateBuildProfile cost memory 0.090118408203125
[2026-06-22T19:33:39.353] [INFO] debug-file - UP-TO-DATE :entry:default@CreateBuildProfile...  
[2026-06-22T19:33:39.354] [DEBUG] debug-file - Executing task :entry:default@PreCheckSyscap
[2026-06-22T19:33:39.355] [DEBUG] debug-file - entry : default@PreCheckSyscap cost memory 0.01427459716796875
[2026-06-22T19:33:39.355] [DEBUG] debug-file - runTaskFromQueue task cost before running: 139 ms 
[2026-06-22T19:33:39.355] [INFO] debug-file - Finished :entry:default@PreCheckSyscap... after 1 ms 
[2026-06-22T19:33:39.356] [DEBUG] debug-file - Executing task :entry:default@GeneratePkgContextInfo
[2026-06-22T19:33:39.358] [DEBUG] debug-file - Task 'entry:default@GeneratePkgContextInfo' cost while wrapping incremental declarations: 1 ms 
[2026-06-22T19:33:39.358] [DEBUG] debug-file - Incremental task entry:default@GeneratePkgContextInfo pre-execution cost: 1 ms .
[2026-06-22T19:33:39.358] [DEBUG] debug-file - entry : default@GeneratePkgContextInfo cost memory 0.19068145751953125
[2026-06-22T19:33:39.358] [INFO] debug-file - UP-TO-DATE :entry:default@GeneratePkgContextInfo...  
[2026-06-22T19:33:39.360] [DEBUG] debug-file - Executing task :entry:default@ProcessIntegratedHsp
[2026-06-22T19:33:39.360] [DEBUG] debug-file - entry:default@ProcessIntegratedHsp is not up-to-date, since the output file 'D:\kyrjkfjs\PlayShortVideosBasedOnVideoComponent-master\build\cache\default\integrated_hsp\integratedHspCache.json' does not exist.
[2026-06-22T19:33:39.360] [DEBUG] debug-file - Incremental task entry:default@ProcessIntegratedHsp pre-execution cost: 1 ms .
[2026-06-22T19:33:39.360] [DEBUG] debug-file - entry : default@ProcessIntegratedHsp cost memory 0.05571746826171875
[2026-06-22T19:33:39.360] [DEBUG] debug-file - runTaskFromQueue task cost before running: 145 ms 
[2026-06-22T19:33:39.360] [INFO] debug-file - Finished :entry:default@ProcessIntegratedHsp... after 1 ms 
[2026-06-22T19:33:39.361] [DEBUG] debug-file - Executing task :entry:default@BuildNativeWithCmake
[2026-06-22T19:33:39.361] [DEBUG] debug-file - entry : default@BuildNativeWithCmake cost memory 0.0140533447265625
[2026-06-22T19:33:39.361] [DEBUG] debug-file - runTaskFromQueue task cost before running: 146 ms 
[2026-06-22T19:33:39.362] [INFO] debug-file - Finished :entry:default@BuildNativeWithCmake... after 1 ms 
[2026-06-22T19:33:39.364] [DEBUG] debug-file - Executing task :entry:default@MakePackInfo
[2026-06-22T19:33:39.366] [DEBUG] debug-file - Incremental task entry:default@MakePackInfo pre-execution cost: 2 ms .
[2026-06-22T19:33:39.367] [DEBUG] debug-file - entry : default@MakePackInfo cost memory 0.1331634521484375
[2026-06-22T19:33:39.367] [INFO] debug-file - UP-TO-DATE :entry:default@MakePackInfo...  
[2026-06-22T19:33:39.368] [DEBUG] debug-file - Executing task :entry:default@SyscapTransform
[2026-06-22T19:33:39.368] [DEBUG] debug-file - File: 'D:\kyrjkfjs\PlayShortVideosBasedOnVideoComponent-master\entry\src\main\syscap.json' from 'sysCapJsonPath' is not exists, just ignore.
[2026-06-22T19:33:39.368] [DEBUG] debug-file - Task 'entry:default@SyscapTransform' cost while wrapping incremental declarations: 1 ms 
[2026-06-22T19:33:39.370] [DEBUG] debug-file - entry:default@SyscapTransform is not up-to-date, since the output file 'D:\kyrjkfjs\PlayShortVideosBasedOnVideoComponent-master\entry\build\default\intermediates\syscap\default\rpcid.sc' does not exist.
[2026-06-22T19:33:39.370] [DEBUG] debug-file - Incremental task entry:default@SyscapTransform pre-execution cost: 2 ms .
[2026-06-22T19:33:39.370] [DEBUG] debug-file - entry : default@SyscapTransform cost memory 0.1441802978515625
[2026-06-22T19:33:39.370] [DEBUG] debug-file - runTaskFromQueue task cost before running: 155 ms 
[2026-06-22T19:33:39.371] [INFO] debug-file - Finished :entry:default@SyscapTransform... after 3 ms 
[2026-06-22T19:33:39.373] [DEBUG] debug-file - Executing task :entry:default@ProcessProfile
[2026-06-22T19:33:39.373] [DEBUG] debug-file - Task 'entry:default@ProcessProfile' cost while wrapping incremental declarations: 1 ms 
[2026-06-22T19:33:39.374] [DEBUG] debug-file - Incremental task entry:default@ProcessProfile pre-execution cost: 1 ms .
[2026-06-22T19:33:39.374] [DEBUG] debug-file - entry : default@ProcessProfile cost memory 0.1444854736328125
[2026-06-22T19:33:39.374] [INFO] debug-file - UP-TO-DATE :entry:default@ProcessProfile...  
[2026-06-22T19:33:39.376] [DEBUG] debug-file - Executing task :entry:default@ProcessRouterMap
[2026-06-22T19:33:39.377] [DEBUG] debug-file - Incremental task entry:default@ProcessRouterMap pre-execution cost: 1 ms .
[2026-06-22T19:33:39.377] [DEBUG] debug-file - entry : default@ProcessRouterMap cost memory 0.15056610107421875
[2026-06-22T19:33:39.378] [INFO] debug-file - UP-TO-DATE :entry:default@ProcessRouterMap...  
[2026-06-22T19:33:39.379] [DEBUG] debug-file - Executing task :entry:default@ProcessShareConfig
[2026-06-22T19:33:39.380] [DEBUG] debug-file - Incremental task entry:default@ProcessShareConfig pre-execution cost: 1 ms .
[2026-06-22T19:33:39.380] [DEBUG] debug-file - entry : default@ProcessShareConfig cost memory 0.12790679931640625
[2026-06-22T19:33:39.381] [INFO] debug-file - UP-TO-DATE :entry:default@ProcessShareConfig...  
[2026-06-22T19:33:39.381] [DEBUG] debug-file - Executing task :entry:default@ProcessStartupConfig
[2026-06-22T19:33:39.382] [DEBUG] debug-file - Task 'entry:default@ProcessStartupConfig' cost while wrapping incremental declarations: 1 ms 
[2026-06-22T19:33:39.382] [DEBUG] debug-file - entry:default@ProcessStartupConfig is not up-to-date, since the output file 'D:\kyrjkfjs\PlayShortVideosBasedOnVideoComponent-master\entry\build\default\intermediates\startup\default\startup_config.json' does not exist.
[2026-06-22T19:33:39.382] [DEBUG] debug-file - Incremental task entry:default@ProcessStartupConfig pre-execution cost: 1 ms .
[2026-06-22T19:33:39.383] [DEBUG] debug-file - entry : default@ProcessStartupConfig cost memory 0.12479400634765625
[2026-06-22T19:33:39.383] [DEBUG] debug-file - runTaskFromQueue task cost before running: 168 ms 
[2026-06-22T19:33:39.383] [INFO] debug-file - Finished :entry:default@ProcessStartupConfig... after 2 ms 
[2026-06-22T19:33:39.384] [DEBUG] debug-file - Executing task :entry:default@BuildNativeWithNinja
[2026-06-22T19:33:39.384] [DEBUG] debug-file - entry : default@BuildNativeWithNinja cost memory 0.0203094482421875
[2026-06-22T19:33:39.384] [DEBUG] debug-file - runTaskFromQueue task cost before running: 169 ms 
[2026-06-22T19:33:39.385] [INFO] debug-file - Finished :entry:default@BuildNativeWithNinja... after 1 ms 
[2026-06-22T19:33:39.385] [DEBUG] debug-file - restool module names: entry; moduleName=entry, taskName=default@ProcessResource
[2026-06-22T19:33:39.387] [DEBUG] debug-file - Executing task :entry:default@ProcessResource
[2026-06-22T19:33:39.387] [DEBUG] debug-file - Task 'entry:default@ProcessResource' cost while wrapping incremental declarations: 1 ms 
[2026-06-22T19:33:39.388] [DEBUG] debug-file - Incremental task entry:default@ProcessResource pre-execution cost: 1 ms .
[2026-06-22T19:33:39.388] [DEBUG] debug-file - entry : default@ProcessResource cost memory 0.12952423095703125
[2026-06-22T19:33:39.389] [INFO] debug-file - UP-TO-DATE :entry:default@ProcessResource...  
[2026-06-22T19:33:39.390] [DEBUG] debug-file - Executing task :entry:default@GenerateLoaderJson
[2026-06-22T19:33:39.390] [DEBUG] debug-file - Task 'entry:default@GenerateLoaderJson' cost while wrapping incremental declarations: 1 ms 
[2026-06-22T19:33:39.396] [DEBUG] debug-file - Incremental task entry:default@GenerateLoaderJson pre-execution cost: 4 ms .
[2026-06-22T19:33:39.396] [DEBUG] debug-file - entry : default@GenerateLoaderJson cost memory 0.49971771240234375
[2026-06-22T19:33:39.398] [INFO] debug-file - UP-TO-DATE :entry:default@GenerateLoaderJson...  
[2026-06-22T19:33:39.399] [DEBUG] debug-file - Executing task :entry:default@ProcessLibs
[2026-06-22T19:33:39.400] [DEBUG] debug-file - Incremental task entry:default@ProcessLibs pre-execution cost: 1 ms .
[2026-06-22T19:33:39.400] [DEBUG] debug-file - entry : default@ProcessLibs cost memory 0.0952606201171875
[2026-06-22T19:33:39.400] [INFO] debug-file - UP-TO-DATE :entry:default@ProcessLibs...  
[2026-06-22T19:33:39.401] [DEBUG] debug-file - restool module names: entry; moduleName=entry, taskName=default@CompileResource
[2026-06-22T19:33:39.401] [DEBUG] debug-file - Executing task :entry:default@CompileResource
[2026-06-22T19:33:39.410] [DEBUG] debug-file - Incremental task entry:default@CompileResource pre-execution cost: 9 ms .
[2026-06-22T19:33:39.410] [DEBUG] debug-file - entry : default@CompileResource cost memory -0.8495864868164062
[2026-06-22T19:33:39.411] [INFO] debug-file - UP-TO-DATE :entry:default@CompileResource...  
[2026-06-22T19:33:39.412] [DEBUG] debug-file - Executing task :entry:default@DoNativeStrip
[2026-06-22T19:33:39.412] [DEBUG] debug-file - Task 'entry:default@DoNativeStrip' cost while wrapping incremental declarations: 1 ms 
[2026-06-22T19:33:39.413] [DEBUG] debug-file - Incremental task entry:default@DoNativeStrip pre-execution cost: 1 ms .
[2026-06-22T19:33:39.413] [DEBUG] debug-file - entry : default@DoNativeStrip cost memory 0.07389068603515625
[2026-06-22T19:33:39.413] [INFO] debug-file - UP-TO-DATE :entry:default@DoNativeStrip...  
[2026-06-22T19:33:39.415] [DEBUG] debug-file - Executing task :entry:default@CompileArkTS
[2026-06-22T19:33:39.415] [DEBUG] debug-file - obfuscationOptions: undefined
[2026-06-22T19:33:39.416] [DEBUG] debug-file - Task 'entry:default@CompileArkTS' cost while wrapping incremental declarations: 1 ms 
[2026-06-22T19:33:39.423] [DEBUG] debug-file - Incremental task entry:default@CompileArkTS pre-execution cost: 6 ms .
[2026-06-22T19:33:39.423] [DEBUG] debug-file - entry : default@CompileArkTS cost memory 0.6569595336914062
[2026-06-22T19:33:39.424] [INFO] debug-file - UP-TO-DATE :entry:default@CompileArkTS...  
[2026-06-22T19:33:39.425] [DEBUG] debug-file - Executing task :entry:default@BuildJS
[2026-06-22T19:33:39.426] [DEBUG] debug-file - Task 'entry:default@BuildJS' cost while wrapping incremental declarations: 1 ms 
[2026-06-22T19:33:39.428] [DEBUG] debug-file - entry : default@BuildJS cost memory 0.15320587158203125
[2026-06-22T19:33:39.428] [DEBUG] debug-file - runTaskFromQueue task cost before running: 212 ms 
[2026-06-22T19:33:39.428] [INFO] debug-file - Finished :entry:default@BuildJS... after 3 ms 
[2026-06-22T19:33:39.430] [DEBUG] debug-file - Executing task :entry:default@CacheNativeLibs
[2026-06-22T19:33:39.430] [DEBUG] debug-file - Task 'entry:default@CacheNativeLibs' cost while wrapping incremental declarations: 1 ms 
[2026-06-22T19:33:39.431] [DEBUG] debug-file - Incremental task entry:default@CacheNativeLibs pre-execution cost: 1 ms .
[2026-06-22T19:33:39.431] [DEBUG] debug-file - entry : default@CacheNativeLibs cost memory 0.089996337890625
[2026-06-22T19:33:39.431] [INFO] debug-file - UP-TO-DATE :entry:default@CacheNativeLibs...  
[2026-06-22T19:33:39.432] [DEBUG] debug-file - Executing task :entry:default@GeneratePkgModuleJson
[2026-06-22T19:33:39.432] [DEBUG] debug-file - File: 'D:\kyrjkfjs\PlayShortVideosBasedOnVideoComponent-master\entry\build\default\intermediates\preload\default\preload.json' from 'preloadSoJsonPath' is not exists, just ignore.
[2026-06-22T19:33:39.432] [DEBUG] debug-file - Error occurs while handling @Input 'shouldDeduplicateHar': The "data" argument must be of type string or an instance of Buffer, TypedArray, or DataView. Received undefined
[2026-06-22T19:33:39.432] [DEBUG] debug-file - Task 'entry:default@GeneratePkgModuleJson' cost while wrapping incremental declarations: 1 ms 
[2026-06-22T19:33:39.433] [DEBUG] debug-file - Incremental task entry:default@GeneratePkgModuleJson pre-execution cost: 1 ms .
[2026-06-22T19:33:39.433] [DEBUG] debug-file - entry : default@GeneratePkgModuleJson cost memory 0.105712890625
[2026-06-22T19:33:39.433] [INFO] debug-file - UP-TO-DATE :entry:default@GeneratePkgModuleJson...  
[2026-06-22T19:33:39.434] [DEBUG] debug-file - Executing task :entry:default@ProcessCompiledResources
[2026-06-22T19:33:39.434] [DEBUG] debug-file - File: 'D:\kyrjkfjs\PlayShortVideosBasedOnVideoComponent-master\entry\build\default\intermediates\preload\default\preload.json' from 'preloadSoJsonPath' is not exists, just ignore.
[2026-06-22T19:33:39.434] [DEBUG] debug-file - Task 'entry:default@ProcessCompiledResources' cost while wrapping incremental declarations: 1 ms 
[2026-06-22T19:33:39.434] [DEBUG] debug-file - entry : default@ProcessCompiledResources cost memory 0.05756378173828125
[2026-06-22T19:33:39.434] [DEBUG] debug-file - runTaskFromQueue task cost before running: 219 ms 
[2026-06-22T19:33:39.434] [INFO] debug-file - Finished :entry:default@ProcessCompiledResources... after 1 ms 
[2026-06-22T19:33:39.436] [DEBUG] debug-file - Executing task :entry:default@PackageHap
[2026-06-22T19:33:39.440] [DEBUG] debug-file - Incremental task entry:default@PackageHap pre-execution cost: 4 ms .
[2026-06-22T19:33:39.440] [DEBUG] debug-file - entry : default@PackageHap cost memory 0.5210800170898438
[2026-06-22T19:33:39.440] [INFO] debug-file - UP-TO-DATE :entry:default@PackageHap...  
[2026-06-22T19:33:39.441] [DEBUG] debug-file - Executing task :entry:default@PackingCheck
[2026-06-22T19:33:39.445] [DEBUG] debug-file - entry : default@PackingCheck cost memory 0.41290283203125
[2026-06-22T19:33:39.445] [DEBUG] debug-file - runTaskFromQueue task cost before running: 230 ms 
[2026-06-22T19:33:39.445] [INFO] debug-file - Finished :entry:default@PackingCheck... after 4 ms 
[2026-06-22T19:33:39.447] [DEBUG] debug-file - Executing task :entry:default@SignHap
[2026-06-22T19:33:39.450] [DEBUG] debug-file - Incremental task entry:default@SignHap pre-execution cost: 2 ms .
[2026-06-22T19:33:39.450] [DEBUG] debug-file - entry : default@SignHap cost memory 0.11588287353515625
[2026-06-22T19:33:39.450] [INFO] debug-file - UP-TO-DATE :entry:default@SignHap...  
[2026-06-22T19:33:39.452] [DEBUG] debug-file - Executing task :entry:default@CollectDebugSymbol
[2026-06-22T19:33:39.453] [DEBUG] debug-file - entry : default@CollectDebugSymbol cost memory 0.0912017822265625
[2026-06-22T19:33:39.453] [DEBUG] debug-file - runTaskFromQueue task cost before running: 238 ms 
[2026-06-22T19:33:39.453] [INFO] debug-file - Finished :entry:default@CollectDebugSymbol... after 1 ms 
[2026-06-22T19:33:39.453] [DEBUG] debug-file - Executing task :entry:assembleHap
[2026-06-22T19:33:39.453] [DEBUG] debug-file - entry : assembleHap cost memory 0.0122528076171875
[2026-06-22T19:33:39.453] [DEBUG] debug-file - runTaskFromQueue task cost before running: 238 ms 
[2026-06-22T19:33:39.453] [INFO] debug-file - Finished :entry:assembleHap... after 1 ms 
[2026-06-22T19:33:39.466] [INFO] debug-file - BUILD SUCCESSFUL in 250 ms 
[2026-06-22T19:33:39.466] [DEBUG] debug-file - There is no need to refresh cache, since the incremental task entry:default@PreBuild is up-to-date.
[2026-06-22T19:33:39.466] [DEBUG] debug-file - Update task entry:default@CreateModuleInfo output file:D:\kyrjkfjs\PlayShortVideosBasedOnVideoComponent-master\entry\build\default\generated\profile\default\ModuleInfo.ts cache.
[2026-06-22T19:33:39.466] [DEBUG] debug-file - Incremental task entry:default@CreateModuleInfo post-execution cost:1 ms .
[2026-06-22T19:33:39.466] [DEBUG] debug-file - There is no need to refresh cache, since the incremental task entry:default@GenerateMetadata is up-to-date.
[2026-06-22T19:33:39.466] [DEBUG] debug-file - There is no need to refresh cache, since the incremental task entry:default@MergeProfile is up-to-date.
[2026-06-22T19:33:39.466] [DEBUG] debug-file - There is no need to refresh cache, since the incremental task entry:default@CreateBuildProfile is up-to-date.
[2026-06-22T19:33:39.466] [DEBUG] debug-file - There is no need to refresh cache, since the incremental task entry:default@GeneratePkgContextInfo is up-to-date.
[2026-06-22T19:33:39.466] [DEBUG] debug-file - Update task entry:default@ProcessIntegratedHsp output file:D:\kyrjkfjs\PlayShortVideosBasedOnVideoComponent-master\build\cache\default\integrated_hsp\integratedHspCache.json cache.
[2026-06-22T19:33:39.467] [DEBUG] debug-file - Incremental task entry:default@ProcessIntegratedHsp post-execution cost:1 ms .
[2026-06-22T19:33:39.467] [DEBUG] debug-file - There is no need to refresh cache, since the incremental task entry:default@MakePackInfo is up-to-date.
[2026-06-22T19:33:39.467] [DEBUG] debug-file - Update task entry:default@SyscapTransform input file:D:\deveco\DevEco Studio\sdk\default\openharmony\toolchains\syscap_tool.exe cache by regenerate.
[2026-06-22T19:33:39.467] [DEBUG] debug-file - Update task entry:default@SyscapTransform input file:D:\deveco\DevEco Studio\sdk\default\openharmony\ets\api\device-define cache by regenerate.
[2026-06-22T19:33:39.468] [DEBUG] debug-file - Update task entry:default@SyscapTransform output file:D:\kyrjkfjs\PlayShortVideosBasedOnVideoComponent-master\entry\build\default\intermediates\syscap\default\rpcid.sc cache.
[2026-06-22T19:33:39.468] [DEBUG] debug-file - Incremental task entry:default@SyscapTransform post-execution cost:2 ms .
[2026-06-22T19:33:39.468] [DEBUG] debug-file - There is no need to refresh cache, since the incremental task entry:default@ProcessProfile is up-to-date.
[2026-06-22T19:33:39.468] [DEBUG] debug-file - There is no need to refresh cache, since the incremental task entry:default@ProcessRouterMap is up-to-date.
[2026-06-22T19:33:39.468] [DEBUG] debug-file - There is no need to refresh cache, since the incremental task entry:default@ProcessShareConfig is up-to-date.
[2026-06-22T19:33:39.468] [DEBUG] debug-file - Update task entry:default@ProcessStartupConfig input file:D:\kyrjkfjs\PlayShortVideosBasedOnVideoComponent-master\entry\build\default\intermediates\loader\default\pkgContextInfo.json cache by regenerate.
[2026-06-22T19:33:39.468] [DEBUG] debug-file - Update task entry:default@ProcessStartupConfig output file:D:\kyrjkfjs\PlayShortVideosBasedOnVideoComponent-master\entry\build\default\intermediates\startup\default\startup_config.json cache.
[2026-06-22T19:33:39.469] [DEBUG] debug-file - Incremental task entry:default@ProcessStartupConfig post-execution cost:1 ms .
[2026-06-22T19:33:39.469] [DEBUG] debug-file - There is no need to refresh cache, since the incremental task entry:default@ProcessResource is up-to-date.
[2026-06-22T19:33:39.469] [DEBUG] debug-file - There is no need to refresh cache, since the incremental task entry:default@GenerateLoaderJson is up-to-date.
[2026-06-22T19:33:39.469] [DEBUG] debug-file - There is no need to refresh cache, since the incremental task entry:default@ProcessLibs is up-to-date.
[2026-06-22T19:33:39.469] [DEBUG] debug-file - There is no need to refresh cache, since the incremental task entry:default@CompileResource is up-to-date.
[2026-06-22T19:33:39.469] [DEBUG] debug-file - There is no need to refresh cache, since the incremental task entry:default@DoNativeStrip is up-to-date.
[2026-06-22T19:33:39.469] [DEBUG] debug-file - There is no need to refresh cache, since the incremental task entry:default@CompileArkTS is up-to-date.
[2026-06-22T19:33:39.469] [DEBUG] debug-file - Update task entry:default@BuildJS input file:D:\kyrjkfjs\PlayShortVideosBasedOnVideoComponent-master\entry\build\default\intermediates\loader\default cache by regenerate.
[2026-06-22T19:33:39.470] [DEBUG] debug-file - Update task entry:default@BuildJS input file:D:\kyrjkfjs\PlayShortVideosBasedOnVideoComponent-master\entry\build\default\intermediates\res\default\resources\rawfile cache by regenerate.
[2026-06-22T19:33:39.470] [DEBUG] debug-file - Update task entry:default@BuildJS input file:D:\kyrjkfjs\PlayShortVideosBasedOnVideoComponent-master\entry\build\default\intermediates\res\default\ResourceTable.txt cache by regenerate.
[2026-06-22T19:33:39.470] [DEBUG] debug-file - Update task entry:default@BuildJS input file:D:\kyrjkfjs\PlayShortVideosBasedOnVideoComponent-master\entry\build\default\intermediates\res\default\ark_module.json cache by regenerate.
[2026-06-22T19:33:39.471] [DEBUG] debug-file - Update task entry:default@BuildJS input file:D:\kyrjkfjs\PlayShortVideosBasedOnVideoComponent-master\entry\build\default\intermediates\res\default\resources\base\profile cache by regenerate.
[2026-06-22T19:33:39.471] [DEBUG] debug-file - Update task entry:default@BuildJS input file:D:\kyrjkfjs\PlayShortVideosBasedOnVideoComponent-master\entry\build\default\intermediates\loader\default\pkgContextInfo.json cache by regenerate.
[2026-06-22T19:33:39.471] [DEBUG] debug-file - Update task entry:default@BuildJS output file:D:\kyrjkfjs\PlayShortVideosBasedOnVideoComponent-master\entry\build\default\intermediates\loader_out\default\js cache.
[2026-06-22T19:33:39.471] [DEBUG] debug-file - Incremental task entry:default@BuildJS post-execution cost:3 ms .
[2026-06-22T19:33:39.471] [DEBUG] debug-file - There is no need to refresh cache, since the incremental task entry:default@CacheNativeLibs is up-to-date.
[2026-06-22T19:33:39.471] [DEBUG] debug-file - There is no need to refresh cache, since the incremental task entry:default@GeneratePkgModuleJson is up-to-date.
[2026-06-22T19:33:39.472] [DEBUG] debug-file - Incremental task entry:default@ProcessCompiledResources post-execution cost:1 ms .
[2026-06-22T19:33:39.472] [DEBUG] debug-file - There is no need to refresh cache, since the incremental task entry:default@PackageHap is up-to-date.
[2026-06-22T19:33:39.472] [DEBUG] debug-file - There is no need to refresh cache, since the incremental task entry:default@SignHap is up-to-date.
[2026-06-22T19:33:39.472] [DEBUG] debug-file - Update task entry:default@CollectDebugSymbol input file:D:\kyrjkfjs\PlayShortVideosBasedOnVideoComponent-master\entry\build\default\intermediates\loader_out\default\ets\sourceMaps.map cache by regenerate.
[2026-06-22T19:33:39.472] [DEBUG] debug-file - Update task entry:default@CollectDebugSymbol input file:D:\kyrjkfjs\PlayShortVideosBasedOnVideoComponent-master\entry\build\default\intermediates\libs\default cache by regenerate.
[2026-06-22T19:33:39.472] [DEBUG] debug-file - Update task entry:default@CollectDebugSymbol output file:D:\kyrjkfjs\PlayShortVideosBasedOnVideoComponent-master\entry\build\default\outputs\default\symbol cache.
[2026-06-22T19:33:39.473] [DEBUG] debug-file - Incremental task entry:default@CollectDebugSymbol post-execution cost:2 ms .
[2026-06-22T19:33:39.496] [DEBUG] debug-file - There's no busy workers and idle workers need cleanup.
[2026-06-22T19:33:39.497] [DEBUG] debug-file - hvigor build process will be closed.
[2026-06-22T19:33:39.505] [DEBUG] debug-file - session manager: send message to worker process.
[2026-06-22T19:33:39.507] [DEBUG] debug-file - session manager: send message to worker process.
[2026-06-22T19:33:39.506] [DEBUG] debug-file - watch worker: worker id should be larger than 0. Nothing will be sent to any worker thread.
[2026-06-22T19:33:39.508] [DEBUG] debug-file - watch worker: worker id should be larger than 0. Nothing will be sent to any worker thread.
[2026-06-22T19:34:08.097] [DEBUG] debug-file - session manager: set active socket. socketId=xfvcTHdjkrO3fuLSAAAR
[2026-06-22T19:34:08.126] [DEBUG] debug-file - watch worker: worker id should be larger than 0. Nothing will be sent to any worker thread.
